TN:
SF:src/bfgs.ts
FNF:5
FNH:5
DA:24,65
DA:25,102
DA:33,48
DA:34,52
DA:46,6
DA:47,3
DA:48,4
DA:49,6
DA:50,9
DA:51,3
DA:52,39
DA:53,22
DA:56,58
DA:59,21
DA:60,16
DA:61,21
DA:62,24
DA:63,24
DA:66,28
DA:69,29
DA:70,73
DA:71,51
DA:72,14
DA:73,49
DA:74,60
DA:75,67
DA:76,1
DA:77,2
DA:79,73
DA:81,39
DA:84,56
DA:85,38
DA:86,38
DA:88,23
DA:89,16
DA:90,55
DA:91,74
DA:92,25
DA:93,68
DA:94,1
DA:95,4
DA:98,43
DA:99,25
DA:100,41
DA:101,22
DA:103,28
DA:104,29
DA:106,33
DA:107,43
DA:108,29
DA:111,13
DA:112,14
DA:113,14
DA:116,85
DA:117,18
DA:118,16
DA:119,66
DA:120,74
DA:121,80
DA:122,1
DA:123,4
DA:126,27
DA:129,30
DA:130,13
DA:131,4
DA:135,23
DA:136,33
DA:137,2
DA:139,12
DA:140,54
DA:141,71
DA:142,21
DA:143,72
DA:144,1
DA:148,7
DA:149,15
DA:150,31
DA:151,37
DA:152,15
DA:153,14
DA:154,2
DA:155,8
DA:159,10
DA:160,21
DA:161,30
DA:162,31
DA:163,16
DA:164,33
DA:165,26
DA:166,4
DA:167,18
DA:168,2
DA:169,13
DA:179,1
DA:180,3
DA:181,3
DA:182,3
DA:183,5
DA:184,3
DA:185,21
DA:186,29
DA:187,25
DA:189,18
DA:190,31
DA:191,29
DA:192,33
DA:196,9
DA:197,10
DA:198,38
DA:199,40
DA:200,4
DA:201,17
DA:202,2
DA:204,11
LF:114
LH:114
end_of_record
TN:
SF:src/finite-diff.ts
FNF:5
FNH:5
DA:17,43
DA:18,43
DA:30,6
DA:31,3
DA:32,3
DA:33,3
DA:34,21
DA:35,18
DA:36,28
DA:38,31
DA:39,53
DA:40,33
DA:41,23
DA:42,37
DA:43,2
DA:45,12
DA:58,6
DA:59,3
DA:60,3
DA:61,3
DA:62,21
DA:63,28
DA:65,31
DA:66,53
DA:67,28
DA:68,29
DA:69,18
DA:70,19
DA:71,45
DA:72,2
DA:74,12
DA:82,6
DA:83,3
DA:84,20
DA:85,3
DA:86,30
DA:87,37
DA:88,2
DA:89,37
LF:39
LH:39
end_of_record
TN:
SF:src/gradient-descent.ts
FNF:2
FNH:2
DA:17,60
DA:18,102
DA:26,55
DA:27,52
DA:35,6
DA:36,3
DA:37,4
DA:38,6
DA:39,9
DA:40,3
DA:41,39
DA:42,58
DA:44,21
DA:45,16
DA:46,21
DA:47,24
DA:48,24
DA:51,29
DA:52,73
DA:53,51
DA:54,14
DA:55,49
DA:56,60
DA:57,67
DA:58,1
DA:59,2
DA:61,73
DA:63,25
DA:66,55
DA:67,38
DA:69,23
DA:70,16
DA:71,55
DA:72,74
DA:73,25
DA:74,68
DA:75,1
DA:76,4
DA:78,43
DA:79,25
DA:80,30
DA:81,20
DA:83,43
DA:84,43
DA:85,29
DA:87,13
DA:88,14
DA:89,14
DA:92,85
DA:93,18
DA:94,16
DA:95,66
DA:96,74
DA:97,80
DA:98,1
DA:99,2
DA:100,2
DA:102,12
DA:103,54
DA:104,71
DA:105,21
DA:106,72
DA:107,1
LF:63
LH:63
end_of_record
TN:
SF:src/l-bfgs.ts
FNF:4
FNH:4
DA:19,72
DA:20,102
DA:28,48
DA:29,52
DA:36,6
DA:37,11
DA:38,3
DA:39,15
DA:40,30
DA:41,18
DA:42,11
DA:43,1
DA:53,1
DA:54,3
DA:55,10
DA:56,10
DA:57,12
DA:58,7
DA:59,3
DA:60,28
DA:61,21
DA:63,20
DA:64,30
DA:67,36
DA:68,52
DA:69,44
DA:70,2
DA:73,26
DA:76,31
DA:77,53
DA:78,50
DA:79,2
DA:81,9
DA:91,6
DA:92,3
DA:93,4
DA:94,6
DA:95,9
DA:96,3
DA:97,44
DA:98,58
DA:100,21
DA:101,16
DA:102,21
DA:103,24
DA:104,24
DA:107,22
DA:108,22
DA:109,24
DA:112,16
DA:115,29
DA:116,73
DA:117,51
DA:118,14
DA:119,49
DA:120,60
DA:121,67
DA:122,1
DA:123,2
DA:125,73
DA:127,10
DA:128,33
DA:130,19
DA:131,13
DA:132,80
DA:136,56
DA:137,38
DA:138,38
DA:140,23
DA:141,16
DA:142,55
DA:143,74
DA:144,25
DA:145,68
DA:146,1
DA:147,4
DA:149,43
DA:150,25
DA:151,41
DA:152,22
DA:154,28
DA:155,29
DA:157,33
DA:158,43
DA:159,29
DA:161,13
DA:162,14
DA:163,14
DA:166,85
DA:167,18
DA:168,16
DA:169,66
DA:170,74
DA:171,80
DA:172,1
DA:173,4
DA:176,27
DA:177,29
DA:178,44
DA:179,25
DA:180,25
DA:181,25
DA:182,6
DA:183,24
DA:184,24
DA:185,30
DA:188,29
DA:189,2
DA:190,2
DA:192,12
DA:193,54
DA:194,71
DA:195,21
DA:196,72
DA:197,1
LF:115
LH:115
end_of_record
TN:
SF:src/line-search.ts
FNF:3
FNH:3
DA:19,43
DA:48,6
DA:49,3
DA:50,3
DA:51,3
DA:52,4
DA:53,4
DA:54,9
DA:60,3
DA:61,50
DA:62,35
DA:63,34
DA:64,41
DA:66,24
DA:67,27
DA:68,24
DA:70,37
DA:71,40
DA:72,25
DA:73,20
DA:76,40
DA:77,16
DA:78,14
DA:79,13
DA:80,19
DA:81,22
DA:82,25
DA:83,19
DA:84,1
DA:85,4
DA:87,15
DA:88,2
DA:91,12
DA:92,10
DA:93,36
DA:94,15
DA:95,37
DA:96,21
DA:97,16
DA:98,2
DA:115,6
DA:116,3
DA:117,6
DA:118,3
DA:119,3
DA:120,4
DA:121,4
DA:122,9
DA:128,3
DA:129,35
DA:130,32
DA:131,44
DA:132,41
DA:134,25
DA:135,24
DA:136,24
DA:138,20
DA:139,17
DA:140,16
DA:142,37
DA:143,40
DA:144,25
DA:145,20
DA:148,66
DA:149,75
DA:150,29
DA:151,4
DA:153,28
DA:154,20
DA:155,31
DA:158,49
DA:159,16
DA:160,103
DA:161,1
DA:162,4
DA:165,22
DA:166,75
DA:167,29
DA:168,4
DA:170,22
DA:171,17
DA:172,40
DA:173,2
DA:176,40
DA:177,12
DA:178,10
DA:179,20
DA:180,23
DA:181,37
DA:182,37
DA:183,16
DA:184,1
DA:193,1
DA:194,3
DA:195,6
DA:196,3
DA:197,3
DA:198,4
DA:199,5
DA:200,4
DA:201,4
DA:202,9
DA:203,9
DA:204,5
DA:205,5
DA:206,15
DA:207,15
DA:208,3
DA:209,29
DA:211,28
DA:213,42
DA:214,40
DA:215,25
DA:216,20
DA:218,55
DA:219,22
DA:220,15
DA:221,13
DA:222,30
DA:223,22
DA:224,33
DA:226,51
DA:227,18
DA:228,115
DA:229,1
DA:230,6
DA:232,46
DA:233,26
DA:234,16
DA:235,6
DA:237,22
DA:238,19
DA:242,58
DA:243,10
DA:244,2
DA:245,2
DA:248,42
DA:249,12
DA:250,19
DA:251,20
DA:252,23
DA:253,37
DA:254,37
DA:255,16
DA:256,1
LF:145
LH:145
end_of_record
TN:
SF:src/minimize.ts
FNF:1
FNH:1
DA:18,43
DA:19,53
DA:20,30
DA:21,33
DA:39,6
DA:40,3
DA:41,4
DA:42,9
DA:46,3
DA:47,74
DA:48,29
DA:51,34
DA:52,25
DA:53,23
DA:54,24
DA:56,25
DA:57,20
DA:58,35
DA:60,25
DA:61,46
DA:63,13
DA:64,35
DA:66,15
DA:67,31
LF:24
LH:24
end_of_record
TN:
SF:src/nelder-mead.ts
FNF:9
FNH:9
DA:23,64
DA:24,48
DA:43,6
DA:44,11
DA:45,3
DA:46,15
DA:47,30
DA:48,13
DA:49,13
DA:50,13
DA:51,15
DA:52,33
DA:53,11
DA:54,1
DA:60,16
DA:61,22
DA:62,31
DA:64,31
DA:65,30
DA:66,52
DA:67,19
DA:68,23
DA:69,2
DA:71,15
DA:81,6
DA:82,3
DA:83,4
DA:84,9
DA:85,3
DA:86,49
DA:87,22
DA:90,67
DA:91,39
DA:92,28
DA:94,20
DA:96,43
DA:98,61
DA:99,50
DA:100,43
DA:101,43
DA:103,29
DA:104,30
DA:105,40
DA:108,61
DA:109,17
DA:110,32
DA:111,30
DA:112,4
DA:113,37
DA:115,31
DA:116,16
DA:117,30
DA:118,19
DA:119,23
DA:120,30
DA:121,22
DA:122,25
DA:123,24
DA:124,92
DA:125,1
DA:126,4
DA:129,21
DA:130,34
DA:131,53
DA:132,40
DA:133,4
DA:135,35
DA:136,16
DA:137,30
DA:138,19
DA:139,23
DA:140,30
DA:141,22
DA:142,25
DA:143,24
DA:144,89
DA:145,1
DA:146,4
DA:148,16
DA:151,40
DA:152,33
DA:153,35
DA:154,35
DA:155,4
DA:156,4
DA:157,33
DA:158,21
DA:159,4
DA:162,81
DA:163,36
DA:164,20
DA:166,60
DA:168,29
DA:169,30
DA:170,8
DA:171,4
DA:173,30
DA:175,81
DA:176,36
DA:177,22
DA:179,36
DA:180,30
DA:181,29
DA:182,15
DA:183,31
DA:184,36
DA:186,8
DA:187,4
DA:190,31
DA:192,81
DA:193,40
DA:194,22
DA:196,39
DA:197,32
DA:198,33
DA:199,8
DA:200,4
DA:201,13
DA:203,82
DA:204,40
DA:205,22
DA:207,34
DA:208,32
DA:209,33
DA:210,8
DA:211,8
DA:215,34
DA:216,83
DA:217,33
DA:218,20
DA:219,2
DA:220,2
DA:223,12
DA:224,26
DA:225,20
DA:226,19
DA:227,26
DA:228,18
DA:229,21
DA:230,21
DA:231,72
DA:232,1
LF:142
LH:142
end_of_record
TN:
SF:src/result-types.ts
FNF:4
FNH:4
DA:35,20
DA:36,12
DA:37,24
DA:38,24
DA:39,28
DA:40,27
DA:41,11
DA:42,2
DA:89,6
DA:90,10
DA:91,10
DA:92,12
DA:93,11
DA:94,9
DA:95,3
DA:96,36
DA:97,37
DA:98,2
DA:99,36
DA:100,33
DA:101,2
DA:102,38
DA:103,39
DA:104,2
DA:105,44
DA:106,55
DA:107,2
DA:108,12
DA:112,17
DA:113,7
DA:114,30
DA:115,26
DA:116,27
DA:121,17
DA:122,30
DA:123,17
DA:124,90
DA:125,13
DA:126,86
DA:127,17
DA:128,94
DA:129,22
DA:130,72
DA:131,25
DA:132,56
LF:45
LH:45
end_of_record
TN:
SF:src/test-functions.ts
FNF:14
FNH:14
DA:42,24
DA:43,17
DA:44,16
DA:45,48
DA:46,37
DA:47,20
DA:48,18
DA:49,22
DA:50,2
DA:61,23
DA:62,16
DA:63,16
DA:64,14
DA:65,23
DA:66,57
DA:68,21
DA:69,23
DA:70,14
DA:71,52
DA:72,49
DA:73,4
DA:75,20
DA:76,18
DA:77,22
DA:78,2
DA:91,28
DA:92,21
DA:93,16
DA:94,14
DA:95,23
DA:96,51
DA:98,21
DA:99,23
DA:100,14
DA:101,55
DA:102,24
DA:103,4
DA:105,20
DA:106,18
DA:107,25
DA:108,2
DA:119,23
DA:120,16
DA:121,16
DA:122,14
DA:123,23
DA:124,8
DA:125,28
DA:126,34
DA:127,39
DA:130,21
DA:131,23
DA:132,34
DA:133,40
DA:134,46
DA:135,14
DA:136,82
DA:137,70
DA:138,4
DA:140,22
DA:141,18
DA:142,22
DA:143,2
DA:156,28
DA:157,21
DA:158,16
DA:159,14
DA:160,23
DA:161,60
DA:163,21
DA:164,23
DA:165,14
DA:166,60
DA:167,57
DA:168,4
DA:170,20
DA:171,18
DA:172,22
DA:173,2
DA:176,34
DA:177,9
DA:178,24
DA:179,24
DA:180,22
DA:181,2
DA:192,32
DA:193,26
DA:194,16
DA:195,14
DA:196,23
DA:197,10
DA:198,5
DA:199,21
DA:200,70
DA:201,10
DA:202,6
DA:203,25
DA:204,73
DA:205,15
DA:207,21
DA:208,23
DA:210,26
DA:211,80
DA:212,29
DA:214,30
DA:215,83
DA:216,30
DA:219,42
DA:220,48
DA:223,42
DA:224,48
DA:227,44
DA:228,48
DA:231,43
DA:232,49
DA:234,60
DA:236,21
DA:237,18
DA:238,25
DA:239,2
DA:242,34
DA:243,9
DA:244,8
DA:245,13
DA:246,8
DA:247,13
DA:248,15
DA:249,1
LF:128
LH:128
end_of_record
TN:
SF:src/vec-ops.ts
FNF:10
FNH:10
DA:14,15
DA:15,14
DA:16,38
DA:17,21
DA:18,2
DA:19,11
DA:23,12
DA:24,28
DA:28,12
DA:29,14
DA:30,38
DA:31,31
DA:32,30
DA:33,2
DA:34,11
DA:38,15
DA:39,37
DA:40,38
DA:41,23
DA:42,2
DA:43,14
DA:47,15
DA:48,37
DA:49,38
DA:50,26
DA:51,2
DA:52,14
DA:56,15
DA:57,37
DA:58,38
DA:59,26
DA:60,2
DA:61,14
DA:65,12
DA:66,20
DA:70,12
DA:71,17
DA:75,12
DA:76,28
DA:83,18
DA:84,37
DA:85,38
DA:86,30
DA:87,2
DA:88,13
LF:45
LH:45
end_of_record
